<?xml version="1.0" encoding="UTF-8"?>
<!-- Generated by org.testng.reporters.JUnitReportReporter -->
<testsuite hostname="DESKTOP-JCJ8HOK" failures="0" tests="3" name="testng.TNG_001" time="0.022" errors="0" timestamp="03 Feb 2022 02:24:54 GMT" skipped="1">
  <testcase classname="testng.TNG_001" name="f" time="0.017"/>
  <testcase classname="testng.TNG_001" name="a" time="0.005"/>
  <testcase classname="testng.TNG_001" name="z">
    <skipped/>
  </testcase> <!-- z -->
</testsuite> <!-- testng.TNG_001 -->
