<?xml version="1.0" encoding="UTF-8"?>
<!-- Generated by org.testng.reporters.JUnitReportReporter -->
<testsuite hostname="DESKTOP-JCJ8HOK" failures="0" tests="1" name="testng.NewTest" time="0.045" errors="0" timestamp="03 Feb 2022 02:09:35 GMT" skipped="0">
  <testcase classname="testng.NewTest" name="f" time="0.045"/>
</testsuite> <!-- testng.NewTest -->
