<?xml version="1.0" encoding="UTF-8"?>
<!-- Generated by org.testng.reporters.JUnitReportReporter -->
<testsuite hostname="DESKTOP-JCJ8HOK" failures="0" tests="1" name="pack1.CheckBox1" time="17.347" errors="0" timestamp="08 Feb 2022 02:14:22 GMT" skipped="0">
  <testcase classname="pack1.CheckBox1" name="checkboxTest" time="17.347"/>
</testsuite> <!-- pack1.CheckBox1 -->
