<?xml version="1.0" encoding="UTF-8"?>
<!-- Generated by org.testng.reporters.JUnitReportReporter -->
<testsuite hostname="DESKTOP-JCJ8HOK" failures="0" tests="3" name="pack1.TNG_002" time="0.011" errors="0" timestamp="04 Feb 2022 02:27:32 GMT" skipped="1">
  <testcase classname="pack1.TNG_002" name="f" time="0.007"/>
  <testcase classname="pack1.TNG_002" name="a" time="0.004"/>
  <testcase classname="pack1.TNG_002" name="z">
    <skipped/>
  </testcase> <!-- z -->
</testsuite> <!-- pack1.TNG_002 -->
