<?xml version="1.0" encoding="UTF-8"?>
<!-- Generated by org.testng.reporters.JUnitReportReporter -->
<testsuite hostname="DESKTOP-JCJ8HOK" failures="0" tests="2" name="pack1.TNG_001" time="122.312" errors="0" timestamp="05 Feb 2022 02:16:29 GMT" skipped="0">
  <testcase classname="pack1.TNG_001" name="amazon" time="102.503"/>
  <testcase classname="pack1.TNG_001" name="amazon" time="19.809"/>
</testsuite> <!-- pack1.TNG_001 -->
