<?xml version="1.0" encoding="UTF-8"?>
<!-- Generated by org.testng.reporters.JUnitReportReporter -->
<testsuite hostname="DESKTOP-JCJ8HOK" failures="0" tests="1" name="pack1.TNG_001" time="25.276" errors="0" timestamp="04 Feb 2022 02:27:32 GMT" skipped="0">
  <testcase classname="pack1.TNG_001" name="amazon" time="25.276"/>
</testsuite> <!-- pack1.TNG_001 -->
