<?xml version="1.0" encoding="UTF-8"?>
<!-- Generated by org.testng.reporters.JUnitReportReporter -->
<testsuite hostname="DESKTOP-JCJ8HOK" failures="0" tests="2" name="pack1.LinksTesting1" time="108.620" errors="0" timestamp="05 Feb 2022 02:16:29 GMT" skipped="0">
  <testcase classname="pack1.LinksTesting1" name="linktesting1" time="11.392"/>
  <testcase classname="pack1.LinksTesting1" name="linktesting1" time="97.228"/>
</testsuite> <!-- pack1.LinksTesting1 -->
