<?xml version="1.0" encoding="UTF-8"?>
<!-- Generated by org.testng.reporters.JUnitReportReporter -->
<testsuite hostname="DESKTOP-JCJ8HOK" failures="0" tests="1" name="suiteB.TestB1" time="5.017" errors="0" timestamp="05 Feb 2022 02:35:43 GMT" skipped="0">
  <testcase classname="suiteB.TestB1" name="f" time="5.017"/>
</testsuite> <!-- suiteB.TestB1 -->
