<?xml version="1.0" encoding="UTF-8"?>
<!-- Generated by org.testng.reporters.JUnitReportReporter -->
<testsuite hostname="DESKTOP-JCJ8HOK" failures="0" tests="1" name="pack1.LinksTesting1" time="13.462" errors="0" timestamp="08 Feb 2022 02:15:26 GMT" skipped="0">
  <testcase classname="pack1.LinksTesting1" name="linktesting1" time="13.462"/>
</testsuite> <!-- pack1.LinksTesting1 -->
