<?xml version="1.0" encoding="UTF-8"?>
<!-- Generated by org.testng.reporters.JUnitReportReporter -->
<testsuite hostname="DESKTOP-JCJ8HOK" failures="0" tests="1" name="suiteB.TestB3" time="5.006" errors="0" timestamp="05 Feb 2022 02:35:43 GMT" skipped="0">
  <testcase classname="suiteB.TestB3" name="f" time="5.006"/>
</testsuite> <!-- suiteB.TestB3 -->
