<?xml version="1.0" encoding="UTF-8"?>
<!-- Generated by org.testng.reporters.JUnitReportReporter -->
<testsuite hostname="DESKTOP-JCJ8HOK" failures="0" tests="2" name="pack1.CheckBox1" time="148.096" errors="0" timestamp="05 Feb 2022 02:16:29 GMT" skipped="0">
  <testcase classname="pack1.CheckBox1" name="checkboxTest" time="124.430"/>
  <testcase classname="pack1.CheckBox1" name="checkboxTest" time="23.666"/>
</testsuite> <!-- pack1.CheckBox1 -->
