<?xml version="1.0" encoding="UTF-8"?>
<!-- Generated by org.testng.reporters.JUnitReportReporter -->
<testsuite hostname="DESKTOP-JCJ8HOK" failures="0" tests="2" name="pack1.RadioButton1" time="113.527" errors="0" timestamp="05 Feb 2022 02:16:29 GMT" skipped="0">
  <testcase classname="pack1.RadioButton1" name="radioButtonTest" time="92.406"/>
  <testcase classname="pack1.RadioButton1" name="radioButtonTest" time="21.121"/>
</testsuite> <!-- pack1.RadioButton1 -->
