<?xml version="1.0" encoding="UTF-8"?>
<!-- Generated by org.testng.reporters.JUnitReportReporter -->
<testsuite hostname="DESKTOP-JCJ8HOK" failures="0" tests="4" name="pack1.TestDependency" time="0.030" errors="0" timestamp="08 Feb 2022 02:28:36 GMT" skipped="2">
  <testcase classname="pack1.TestDependency" name="orange" time="0.023"/>
  <testcase classname="pack1.TestDependency" name="white" time="0.002"/>
  <testcase classname="pack1.TestDependency" name="blue" time="0.005">
    <skipped/>
  </testcase> <!-- blue -->
  <testcase classname="pack1.TestDependency" name="green" time="0.000">
    <skipped/>
  </testcase> <!-- green -->
</testsuite> <!-- pack1.TestDependency -->
