<?xml version="1.0" encoding="UTF-8"?>
<!-- Generated by org.testng.reporters.JUnitReportReporter -->
<testsuite hostname="DESKTOP-JCJ8HOK" failures="0" tests="1" name="pack1.RadioButton1" time="11.657" errors="0" timestamp="08 Feb 2022 02:14:22 GMT" skipped="0">
  <testcase classname="pack1.RadioButton1" name="radioButtonTest" time="11.657"/>
</testsuite> <!-- pack1.RadioButton1 -->
