<?xml version="1.0" encoding="UTF-8"?>
<!-- Generated by org.testng.reporters.JUnitReportReporter -->
<testsuite hostname="DESKTOP-JCJ8HOK" failures="0" tests="3" name="pack1.TNG_003" time="0.084" errors="0" timestamp="08 Feb 2022 01:50:47 GMT" skipped="0">
  <testcase classname="pack1.TNG_003" name="test1" time="0.028"/>
  <testcase classname="pack1.TNG_003" name="test3" time="0.028"/>
  <testcase classname="pack1.TNG_003" name="test2" time="0.028"/>
</testsuite> <!-- pack1.TNG_003 -->
