<?xml version="1.0" encoding="UTF-8"?>
<!-- Generated by org.testng.reporters.JUnitReportReporter -->
<testsuite hostname="DESKTOP-JCJ8HOK" failures="0" tests="1" name="suiteA.TestA1" time="5.027" errors="0" timestamp="05 Feb 2022 02:35:43 GMT" skipped="0">
  <testcase classname="suiteA.TestA1" name="f" time="5.027"/>
</testsuite> <!-- suiteA.TestA1 -->
