<?xml version="1.0" encoding="UTF-8"?>
<!-- Generated by org.testng.reporters.JUnitReportReporter -->
<testsuite hostname="DESKTOP-JCJ8HOK" failures="0" tests="6" name="testcases.PaymentManager" time="0.060" errors="0" timestamp="11 Feb 2022 02:32:10 GMT" skipped="0">
  <testcase classname="testcases.PaymentManager" name="applyDiscount" time="0.003"/>
  <testcase classname="testcases.PaymentManager" name="applyDiscount" time="0.002"/>
  <testcase classname="testcases.PaymentManager" name="applyDiscount" time="0.027"/>
  <testcase classname="testcases.PaymentManager" name="makePayment" time="0.004"/>
  <testcase classname="testcases.PaymentManager" name="makePayment" time="0.020"/>
  <testcase classname="testcases.PaymentManager" name="makePayment" time="0.004"/>
</testsuite> <!-- testcases.PaymentManager -->
