<?xml version="1.0" encoding="UTF-8"?>
<!-- Generated by org.testng.reporters.JUnitReportReporter -->
<testsuite hostname="DESKTOP-JCJ8HOK" failures="0" tests="2" name="testcases.CustomerCommunication" time="0.000" errors="0" timestamp="14 Feb 2022 02:18:28 GMT" skipped="0">
  <testcase classname="testcases.CustomerCommunication" name="checkMobile" time="0.000"/>
  <testcase classname="testcases.CustomerCommunication" name="checkMail" time="0.000"/>
</testsuite> <!-- testcases.CustomerCommunication -->
