<?xml version="1.0" encoding="UTF-8"?>
<!-- Generated by org.testng.reporters.JUnitReportReporter -->
<testsuite hostname="DESKTOP-JCJ8HOK" failures="0" tests="3" name="testcases.BookingSearch" time="0.023" errors="0" timestamp="14 Feb 2022 02:18:28 GMT" skipped="0">
  <testcase classname="testcases.BookingSearch" name="enterGuestInfo" time="0.001"/>
  <testcase classname="testcases.BookingSearch" name="searchHotel" time="0.022"/>
  <testcase classname="testcases.BookingSearch" name="selectHotel" time="0.000"/>
</testsuite> <!-- testcases.BookingSearch -->
