<?xml version="1.0" encoding="UTF-8"?>
<!-- Generated by org.testng.reporters.JUnitReportReporter -->
<testsuite hostname="DESKTOP-JCJ8HOK" failures="0" tests="6" name="testcases.CustomerCommunication" time="0.040" errors="0" timestamp="11 Feb 2022 02:32:10 GMT" skipped="0">
  <testcase classname="testcases.CustomerCommunication" name="checkMobile" time="0.013"/>
  <testcase classname="testcases.CustomerCommunication" name="checkMobile" time="0.002"/>
  <testcase classname="testcases.CustomerCommunication" name="checkMail" time="0.003"/>
  <testcase classname="testcases.CustomerCommunication" name="checkMail" time="0.002"/>
  <testcase classname="testcases.CustomerCommunication" name="checkMobile" time="0.017"/>
  <testcase classname="testcases.CustomerCommunication" name="checkMail" time="0.003"/>
</testsuite> <!-- testcases.CustomerCommunication -->
