<?xml version="1.0" encoding="UTF-8"?>
<!-- Generated by org.testng.reporters.JUnitReportReporter -->
<testsuite hostname="DESKTOP-JCJ8HOK" failures="0" tests="9" name="testcases.BookingSearch" time="0.067" errors="0" timestamp="11 Feb 2022 02:32:10 GMT" skipped="0">
  <testcase classname="testcases.BookingSearch" name="selectHotel" time="0.003"/>
  <testcase classname="testcases.BookingSearch" name="selectHotel" time="0.015"/>
  <testcase classname="testcases.BookingSearch" name="enterGuestInfo" time="0.003"/>
  <testcase classname="testcases.BookingSearch" name="modifyHotel" time="0.006"/>
  <testcase classname="testcases.BookingSearch" name="selectHotel" time="0.003"/>
  <testcase classname="testcases.BookingSearch" name="searchHotel" time="0.022"/>
  <testcase classname="testcases.BookingSearch" name="searchHotel" time="0.005"/>
  <testcase classname="testcases.BookingSearch" name="enterGuestInfo" time="0.006"/>
  <testcase classname="testcases.BookingSearch" name="enterGuestInfo" time="0.004"/>
</testsuite> <!-- testcases.BookingSearch -->
