<?xml version="1.0" encoding="UTF-8"?>
<!-- Generated by org.testng.reporters.JUnitReportReporter -->
<testsuite hostname="DESKTOP-JCJ8HOK" failures="0" tests="1" name="testcases.LoginTest" time="0.038" errors="0" timestamp="14 Feb 2022 01:54:13 GMT" skipped="0">
  <testcase classname="testcases.LoginTest" name="loginTest" time="0.038"/>
</testsuite> <!-- testcases.LoginTest -->
